Flutter crash report.
Please report a bug at https://github.com/flutter/flutter/issues.

## command

flutter run -d linux

## exception

RPCError: getVM: (-32000) Service connection disposed

```
#0      new _OutstandingRequest (package:vm_service/src/vm_service.dart:261:34)
#1      VmService._call.<anonymous closure> (package:vm_service/src/vm_service.dart:1778:25)
#2      VmService._call (package:vm_service/src/vm_service.dart:1790:8)
#3      VmService.getVM (package:vm_service/src/vm_service.dart:1245:25)
#4      FlutterDevice.initLogReader (package:flutter_tools/src/resident_runner.dart:428:55)
#5      HotRunner.attach (package:flutter_tools/src/run_hot.dart:266:21)
<asynchronous suspension>
#6      RunCommand.runCommand (package:flutter_tools/src/commands/run.dart:867:27)
<asynchronous suspension>
#7      FlutterCommand.run.<anonymous closure> (package:flutter_tools/src/runner/flutter_command.dart:1408:27)
<asynchronous suspension>
#8      AppContext.run.<anonymous closure> (package:flutter_tools/src/base/context.dart:153:19)
<asynchronous suspension>
#9      CommandRunner.runCommand (package:args/command_runner.dart:212:13)
<asynchronous suspension>
#10     FlutterCommandRunner.runCommand.<anonymous closure> (package:flutter_tools/src/runner/flutter_command_runner.dart:420:9)
<asynchronous suspension>
#11     AppContext.run.<anonymous closure> (package:flutter_tools/src/base/context.dart:153:19)
<asynchronous suspension>
#12     FlutterCommandRunner.runCommand (package:flutter_tools/src/runner/flutter_command_runner.dart:364:5)
<asynchronous suspension>
#13     run.<anonymous closure>.<anonymous closure> (package:flutter_tools/runner.dart:130:9)
<asynchronous suspension>
#14     AppContext.run.<anonymous closure> (package:flutter_tools/src/base/context.dart:153:19)
<asynchronous suspension>
#15     main (package:flutter_tools/executable.dart:93:3)
<asynchronous suspension>
```

## flutter doctor

```
[32m[✓][39m Flutter (Channel stable, 3.24.5, on Ubuntu 22.04.4 LTS 6.8.0-49-generic, locale en_US.UTF-8)
    [32m•[39m Flutter version 3.24.5 on channel stable at /home/aziz/Documents/flutter_project/flutter_linux_3.3.2-stable/flutter
    [32m•[39m Upstream repository https://github.com/flutter/flutter.git
    [32m•[39m Framework revision dec2ee5c1f (12 days ago), 2024-11-13 11:13:06 -0800
    [32m•[39m Engine revision a18df97ca5
    [32m•[39m Dart version 3.5.4
    [32m•[39m DevTools version 2.37.3

[32m[✓][39m Android toolchain - develop for Android devices (Android SDK version 34.0.0-rc1)
    [32m•[39m Android SDK at /home/aziz/Android/Sdk
    [32m•[39m Platform android-34-ext8, build-tools 34.0.0-rc1
    [32m•[39m Java binary at: /opt/android-studio-2023.1.1/android-studio/jbr/bin/java
    [32m•[39m Java version OpenJDK Runtime Environment (build 17.0.7+0-17.0.7b1000.6-10550314)
    [32m•[39m All Android licenses accepted.

[32m[✓][39m Chrome - develop for the web
    [32m•[39m Chrome at google-chrome

[32m[✓][39m Linux toolchain - develop for Linux desktop
    [32m•[39m Ubuntu clang version 14.0.0-1ubuntu1.1
    [32m•[39m cmake version 3.22.1
    [32m•[39m ninja version 1.10.1
    [32m•[39m pkg-config version 0.29.2

[32m[✓][39m Android Studio (version 2023.1)
    [32m•[39m Android Studio at /opt/android-studio-2023.1.1/android-studio
    [32m•[39m Flutter plugin can be installed from:
      🔨 https://plugins.jetbrains.com/plugin/9212-flutter
    [32m•[39m Dart plugin can be installed from:
      🔨 https://plugins.jetbrains.com/plugin/6351-dart
    [32m•[39m Java version OpenJDK Runtime Environment (build 17.0.7+0-17.0.7b1000.6-10550314)

[32m[✓][39m VS Code (version 1.95.3)
    [32m•[39m VS Code at /snap/code/current/usr/share/code
    [32m•[39m Flutter extension version 3.100.0

[32m[✓][39m Connected device (2 available)
    [32m•[39m Linux (desktop) • linux  • linux-x64      • Ubuntu 22.04.4 LTS 6.8.0-49-generic
    [32m•[39m Chrome (web)    • chrome • web-javascript • Google Chrome 127.0.6533.119

[32m[✓][39m Network resources
    [32m•[39m All expected network resources are available.

[32m•[39m No issues found!
```
